CRITICAL - 2020-08-16 22:58:54 --> 22 : The requested URL returned error: 503 Service Unavailable
#0 /home/piya/public_web/ist-uvd-robot/system/HTTP/CURLRequest.php(821): CodeIgniter\HTTP\Exceptions\HTTPException::forCurlError('22', 'The requested U...')
#1 /home/piya/public_web/ist-uvd-robot/system/HTTP/CURLRequest.php(449): CodeIgniter\HTTP\CURLRequest->sendRequest(Array)
#2 /home/piya/public_web/ist-uvd-robot/system/HTTP/CURLRequest.php(158): CodeIgniter\HTTP\CURLRequest->send('POST', 'http://192.168....')
#3 /home/piya/public_web/ist-uvd-robot/app/Controllers/Auth.php(130): CodeIgniter\HTTP\CURLRequest->request('POST', 'http://192.168....', Array)
#4 /home/piya/public_web/ist-uvd-robot/system/CodeIgniter.php(918): App\Controllers\Auth->cklogin2()
#5 /home/piya/public_web/ist-uvd-robot/system/CodeIgniter.php(404): CodeIgniter\CodeIgniter->runController(Object(App\Controllers\Auth))
#6 /home/piya/public_web/ist-uvd-robot/system/CodeIgniter.php(312): CodeIgniter\CodeIgniter->handleRequest(NULL, Object(Config\Cache), false)
#7 /home/piya/public_web/ist-uvd-robot/build/index.php(45): CodeIgniter\CodeIgniter->run()
#8 {main}
CRITICAL - 2020-08-16 22:59:03 --> 22 : The requested URL returned error: 503 Service Unavailable
#0 /home/piya/public_web/ist-uvd-robot/system/HTTP/CURLRequest.php(821): CodeIgniter\HTTP\Exceptions\HTTPException::forCurlError('22', 'The requested U...')
#1 /home/piya/public_web/ist-uvd-robot/system/HTTP/CURLRequest.php(449): CodeIgniter\HTTP\CURLRequest->sendRequest(Array)
#2 /home/piya/public_web/ist-uvd-robot/system/HTTP/CURLRequest.php(158): CodeIgniter\HTTP\CURLRequest->send('POST', 'http://192.168....')
#3 /home/piya/public_web/ist-uvd-robot/app/Controllers/Auth.php(130): CodeIgniter\HTTP\CURLRequest->request('POST', 'http://192.168....', Array)
#4 /home/piya/public_web/ist-uvd-robot/system/CodeIgniter.php(918): App\Controllers\Auth->cklogin2()
#5 /home/piya/public_web/ist-uvd-robot/system/CodeIgniter.php(404): CodeIgniter\CodeIgniter->runController(Object(App\Controllers\Auth))
#6 /home/piya/public_web/ist-uvd-robot/system/CodeIgniter.php(312): CodeIgniter\CodeIgniter->handleRequest(NULL, Object(Config\Cache), false)
#7 /home/piya/public_web/ist-uvd-robot/build/index.php(45): CodeIgniter\CodeIgniter->run()
#8 {main}
CRITICAL - 2020-08-16 22:59:12 --> 22 : The requested URL returned error: 503 Service Unavailable
#0 /home/piya/public_web/ist-uvd-robot/system/HTTP/CURLRequest.php(821): CodeIgniter\HTTP\Exceptions\HTTPException::forCurlError('22', 'The requested U...')
#1 /home/piya/public_web/ist-uvd-robot/system/HTTP/CURLRequest.php(449): CodeIgniter\HTTP\CURLRequest->sendRequest(Array)
#2 /home/piya/public_web/ist-uvd-robot/system/HTTP/CURLRequest.php(158): CodeIgniter\HTTP\CURLRequest->send('POST', 'http://192.168....')
#3 /home/piya/public_web/ist-uvd-robot/app/Controllers/Auth.php(130): CodeIgniter\HTTP\CURLRequest->request('POST', 'http://192.168....', Array)
#4 /home/piya/public_web/ist-uvd-robot/system/CodeIgniter.php(918): App\Controllers\Auth->cklogin2()
#5 /home/piya/public_web/ist-uvd-robot/system/CodeIgniter.php(404): CodeIgniter\CodeIgniter->runController(Object(App\Controllers\Auth))
#6 /home/piya/public_web/ist-uvd-robot/system/CodeIgniter.php(312): CodeIgniter\CodeIgniter->handleRequest(NULL, Object(Config\Cache), false)
#7 /home/piya/public_web/ist-uvd-robot/build/index.php(45): CodeIgniter\CodeIgniter->run()
#8 {main}
CRITICAL - 2020-08-16 22:59:21 --> 22 : The requested URL returned error: 503 Service Unavailable
#0 /home/piya/public_web/ist-uvd-robot/system/HTTP/CURLRequest.php(821): CodeIgniter\HTTP\Exceptions\HTTPException::forCurlError('22', 'The requested U...')
#1 /home/piya/public_web/ist-uvd-robot/system/HTTP/CURLRequest.php(449): CodeIgniter\HTTP\CURLRequest->sendRequest(Array)
#2 /home/piya/public_web/ist-uvd-robot/system/HTTP/CURLRequest.php(158): CodeIgniter\HTTP\CURLRequest->send('POST', 'http://192.168....')
#3 /home/piya/public_web/ist-uvd-robot/app/Controllers/Auth.php(130): CodeIgniter\HTTP\CURLRequest->request('POST', 'http://192.168....', Array)
#4 /home/piya/public_web/ist-uvd-robot/system/CodeIgniter.php(918): App\Controllers\Auth->cklogin2()
#5 /home/piya/public_web/ist-uvd-robot/system/CodeIgniter.php(404): CodeIgniter\CodeIgniter->runController(Object(App\Controllers\Auth))
#6 /home/piya/public_web/ist-uvd-robot/system/CodeIgniter.php(312): CodeIgniter\CodeIgniter->handleRequest(NULL, Object(Config\Cache), false)
#7 /home/piya/public_web/ist-uvd-robot/build/index.php(45): CodeIgniter\CodeIgniter->run()
#8 {main}
CRITICAL - 2020-08-16 22:59:30 --> 22 : The requested URL returned error: 503 Service Unavailable
#0 /home/piya/public_web/ist-uvd-robot/system/HTTP/CURLRequest.php(821): CodeIgniter\HTTP\Exceptions\HTTPException::forCurlError('22', 'The requested U...')
#1 /home/piya/public_web/ist-uvd-robot/system/HTTP/CURLRequest.php(449): CodeIgniter\HTTP\CURLRequest->sendRequest(Array)
#2 /home/piya/public_web/ist-uvd-robot/system/HTTP/CURLRequest.php(158): CodeIgniter\HTTP\CURLRequest->send('POST', 'http://192.168....')
#3 /home/piya/public_web/ist-uvd-robot/app/Controllers/Auth.php(130): CodeIgniter\HTTP\CURLRequest->request('POST', 'http://192.168....', Array)
#4 /home/piya/public_web/ist-uvd-robot/system/CodeIgniter.php(918): App\Controllers\Auth->cklogin2()
#5 /home/piya/public_web/ist-uvd-robot/system/CodeIgniter.php(404): CodeIgniter\CodeIgniter->runController(Object(App\Controllers\Auth))
#6 /home/piya/public_web/ist-uvd-robot/system/CodeIgniter.php(312): CodeIgniter\CodeIgniter->handleRequest(NULL, Object(Config\Cache), false)
#7 /home/piya/public_web/ist-uvd-robot/build/index.php(45): CodeIgniter\CodeIgniter->run()
#8 {main}
CRITICAL - 2020-08-16 22:59:39 --> 22 : The requested URL returned error: 503 Service Unavailable
#0 /home/piya/public_web/ist-uvd-robot/system/HTTP/CURLRequest.php(821): CodeIgniter\HTTP\Exceptions\HTTPException::forCurlError('22', 'The requested U...')
#1 /home/piya/public_web/ist-uvd-robot/system/HTTP/CURLRequest.php(449): CodeIgniter\HTTP\CURLRequest->sendRequest(Array)
#2 /home/piya/public_web/ist-uvd-robot/system/HTTP/CURLRequest.php(158): CodeIgniter\HTTP\CURLRequest->send('POST', 'http://192.168....')
#3 /home/piya/public_web/ist-uvd-robot/app/Controllers/Auth.php(130): CodeIgniter\HTTP\CURLRequest->request('POST', 'http://192.168....', Array)
#4 /home/piya/public_web/ist-uvd-robot/system/CodeIgniter.php(918): App\Controllers\Auth->cklogin2()
#5 /home/piya/public_web/ist-uvd-robot/system/CodeIgniter.php(404): CodeIgniter\CodeIgniter->runController(Object(App\Controllers\Auth))
#6 /home/piya/public_web/ist-uvd-robot/system/CodeIgniter.php(312): CodeIgniter\CodeIgniter->handleRequest(NULL, Object(Config\Cache), false)
#7 /home/piya/public_web/ist-uvd-robot/build/index.php(45): CodeIgniter\CodeIgniter->run()
#8 {main}
CRITICAL - 2020-08-16 23:00:36 --> 22 : The requested URL returned error: 503 Service Unavailable
#0 /home/piya/public_web/ist-uvd-robot/system/HTTP/CURLRequest.php(821): CodeIgniter\HTTP\Exceptions\HTTPException::forCurlError('22', 'The requested U...')
#1 /home/piya/public_web/ist-uvd-robot/system/HTTP/CURLRequest.php(449): CodeIgniter\HTTP\CURLRequest->sendRequest(Array)
#2 /home/piya/public_web/ist-uvd-robot/system/HTTP/CURLRequest.php(158): CodeIgniter\HTTP\CURLRequest->send('POST', 'http://192.168....')
#3 /home/piya/public_web/ist-uvd-robot/app/Controllers/Auth.php(130): CodeIgniter\HTTP\CURLRequest->request('POST', 'http://192.168....', Array)
#4 /home/piya/public_web/ist-uvd-robot/system/CodeIgniter.php(918): App\Controllers\Auth->cklogin2()
#5 /home/piya/public_web/ist-uvd-robot/system/CodeIgniter.php(404): CodeIgniter\CodeIgniter->runController(Object(App\Controllers\Auth))
#6 /home/piya/public_web/ist-uvd-robot/system/CodeIgniter.php(312): CodeIgniter\CodeIgniter->handleRequest(NULL, Object(Config\Cache), false)
#7 /home/piya/public_web/ist-uvd-robot/build/index.php(45): CodeIgniter\CodeIgniter->run()
#8 {main}
CRITICAL - 2020-08-16 23:00:45 --> 22 : The requested URL returned error: 503 Service Unavailable
#0 /home/piya/public_web/ist-uvd-robot/system/HTTP/CURLRequest.php(821): CodeIgniter\HTTP\Exceptions\HTTPException::forCurlError('22', 'The requested U...')
#1 /home/piya/public_web/ist-uvd-robot/system/HTTP/CURLRequest.php(449): CodeIgniter\HTTP\CURLRequest->sendRequest(Array)
#2 /home/piya/public_web/ist-uvd-robot/system/HTTP/CURLRequest.php(158): CodeIgniter\HTTP\CURLRequest->send('POST', 'http://192.168....')
#3 /home/piya/public_web/ist-uvd-robot/app/Controllers/Auth.php(130): CodeIgniter\HTTP\CURLRequest->request('POST', 'http://192.168....', Array)
#4 /home/piya/public_web/ist-uvd-robot/system/CodeIgniter.php(918): App\Controllers\Auth->cklogin2()
#5 /home/piya/public_web/ist-uvd-robot/system/CodeIgniter.php(404): CodeIgniter\CodeIgniter->runController(Object(App\Controllers\Auth))
#6 /home/piya/public_web/ist-uvd-robot/system/CodeIgniter.php(312): CodeIgniter\CodeIgniter->handleRequest(NULL, Object(Config\Cache), false)
#7 /home/piya/public_web/ist-uvd-robot/build/index.php(45): CodeIgniter\CodeIgniter->run()
#8 {main}
CRITICAL - 2020-08-16 23:02:03 --> 22 : The requested URL returned error: 503 Service Unavailable
#0 /home/piya/public_web/ist-uvd-robot/system/HTTP/CURLRequest.php(821): CodeIgniter\HTTP\Exceptions\HTTPException::forCurlError('22', 'The requested U...')
#1 /home/piya/public_web/ist-uvd-robot/system/HTTP/CURLRequest.php(449): CodeIgniter\HTTP\CURLRequest->sendRequest(Array)
#2 /home/piya/public_web/ist-uvd-robot/system/HTTP/CURLRequest.php(158): CodeIgniter\HTTP\CURLRequest->send('POST', 'http://192.168....')
#3 /home/piya/public_web/ist-uvd-robot/app/Controllers/Auth.php(130): CodeIgniter\HTTP\CURLRequest->request('POST', 'http://192.168....', Array)
#4 /home/piya/public_web/ist-uvd-robot/system/CodeIgniter.php(918): App\Controllers\Auth->cklogin2()
#5 /home/piya/public_web/ist-uvd-robot/system/CodeIgniter.php(404): CodeIgniter\CodeIgniter->runController(Object(App\Controllers\Auth))
#6 /home/piya/public_web/ist-uvd-robot/system/CodeIgniter.php(312): CodeIgniter\CodeIgniter->handleRequest(NULL, Object(Config\Cache), false)
#7 /home/piya/public_web/ist-uvd-robot/build/index.php(45): CodeIgniter\CodeIgniter->run()
#8 {main}
CRITICAL - 2020-08-16 23:05:02 --> 22 : The requested URL returned error: 503 Service Unavailable
#0 /home/piya/public_web/ist-uvd-robot/system/HTTP/CURLRequest.php(821): CodeIgniter\HTTP\Exceptions\HTTPException::forCurlError('22', 'The requested U...')
#1 /home/piya/public_web/ist-uvd-robot/system/HTTP/CURLRequest.php(449): CodeIgniter\HTTP\CURLRequest->sendRequest(Array)
#2 /home/piya/public_web/ist-uvd-robot/system/HTTP/CURLRequest.php(158): CodeIgniter\HTTP\CURLRequest->send('POST', 'http://192.168....')
#3 /home/piya/public_web/ist-uvd-robot/app/Controllers/Auth.php(130): CodeIgniter\HTTP\CURLRequest->request('POST', 'http://192.168....', Array)
#4 /home/piya/public_web/ist-uvd-robot/system/CodeIgniter.php(918): App\Controllers\Auth->cklogin2()
#5 /home/piya/public_web/ist-uvd-robot/system/CodeIgniter.php(404): CodeIgniter\CodeIgniter->runController(Object(App\Controllers\Auth))
#6 /home/piya/public_web/ist-uvd-robot/system/CodeIgniter.php(312): CodeIgniter\CodeIgniter->handleRequest(NULL, Object(Config\Cache), false)
#7 /home/piya/public_web/ist-uvd-robot/build/index.php(45): CodeIgniter\CodeIgniter->run()
#8 {main}
